<?xml version="1.0" encoding="UTF-8"?>
<!-- Generated by org.testng.reporters.JUnitXMLReporter -->
<testsuite ignored="4" hostname="ADMIN" failures="0" tests="2" name="Test2" time="62.409" errors="0" timestamp="2022-06-13T17:52:23 IST">
  <testcase classname="com.bluebird.comcast.contactTest.Contact1Test" name="createContact" time="13.525"/>
  <testcase classname="com.bluebird.comcast.organozationTest.Organization1Test" name="createOrg" time="13.605"/>
  <testcase classname="Genric_Utility.BaseClass" name="@BeforeTest beforetest" time="0.0">
    <ignored/>
  </testcase> <!-- @BeforeTest beforetest -->
  <testcase classname="Genric_Utility.BaseClass" name="@AfterSuite aftersuite" time="0.0">
    <ignored/>
  </testcase> <!-- @AfterSuite aftersuite -->
  <testcase classname="Genric_Utility.BaseClass" name="@AfterTest aftertest" time="0.0">
    <ignored/>
  </testcase> <!-- @AfterTest aftertest -->
  <testcase classname="Genric_Utility.BaseClass" name="@BeforeSuite beforesuite" time="0.0">
    <ignored/>
  </testcase> <!-- @BeforeSuite beforesuite -->
</testsuite> <!-- Test2 -->
