<?xml version="1.0" encoding="UTF-8"?>
<!-- Generated by org.testng.reporters.JUnitXMLReporter -->
<testsuite ignored="4" hostname="ADMIN" failures="0" tests="2" name="Test1" time="60.851" errors="0" timestamp="2022-06-13T17:52:22 IST">
  <testcase classname="com.bluebird.comcast.campaignTest.Campaign1Test" name="createcampaign" time="9.948"/>
  <testcase classname="com.bluebird.comcast.campaignTest.CampaignWithProduct1Test" name="campaignWithProduct" time="15.619"/>
  <testcase classname="Genric_Utility.BaseClass" name="@BeforeTest beforetest" time="0.0">
    <ignored/>
  </testcase> <!-- @BeforeTest beforetest -->
  <testcase classname="Genric_Utility.BaseClass" name="@AfterSuite aftersuite" time="0.0">
    <ignored/>
  </testcase> <!-- @AfterSuite aftersuite -->
  <testcase classname="Genric_Utility.BaseClass" name="@AfterTest aftertest" time="0.0">
    <ignored/>
  </testcase> <!-- @AfterTest aftertest -->
  <testcase classname="Genric_Utility.BaseClass" name="@BeforeSuite beforesuite" time="0.0">
    <ignored/>
  </testcase> <!-- @BeforeSuite beforesuite -->
</testsuite> <!-- Test1 -->
