<?xml version="1.0" encoding="UTF-8"?>
<testng-results ignored="12" total="16" passed="4" failed="0" skipped="0">
  <reporter-output>
  </reporter-output>
  <suite started-at="2022-06-13T17:55:48 IST" name="Suite" finished-at="2022-06-13T17:57:10 IST" duration-ms="81904">
    <groups>
      <group name="regressionTest">
        <method signature="Campaign1Test.createcampaign()[pri:0, instance:com.bluebird.comcast.campaignTest.Campaign1Test@a1cdc6d]" name="createcampaign" class="com.bluebird.comcast.campaignTest.Campaign1Test"/>
        <method signature="CampaignWithProduct1Test.campaignWithProduct()[pri:0, instance:com.bluebird.comcast.campaignTest.CampaignWithProduct1Test@17a7f733]" name="campaignWithProduct" class="com.bluebird.comcast.campaignTest.CampaignWithProduct1Test"/>
        <method signature="Contact1Test.createContact()[pri:0, instance:com.bluebird.comcast.contactTest.Contact1Test@68567e20]" name="createContact" class="com.bluebird.comcast.contactTest.Contact1Test"/>
        <method signature="Organization1Test.createOrg()[pri:0, instance:com.bluebird.comcast.organozationTest.Organization1Test@76ed1b7c]" name="createOrg" class="com.bluebird.comcast.organozationTest.Organization1Test"/>
      </group> <!-- regressionTest -->
      <group name="smokeTest">
        <method signature="Campaign1Test.createcampaign()[pri:0, instance:com.bluebird.comcast.campaignTest.Campaign1Test@a1cdc6d]" name="createcampaign" class="com.bluebird.comcast.campaignTest.Campaign1Test"/>
        <method signature="CampaignWithProduct1Test.campaignWithProduct()[pri:0, instance:com.bluebird.comcast.campaignTest.CampaignWithProduct1Test@17a7f733]" name="campaignWithProduct" class="com.bluebird.comcast.campaignTest.CampaignWithProduct1Test"/>
        <method signature="Contact1Test.createContact()[pri:0, instance:com.bluebird.comcast.contactTest.Contact1Test@68567e20]" name="createContact" class="com.bluebird.comcast.contactTest.Contact1Test"/>
        <method signature="Organization1Test.createOrg()[pri:0, instance:com.bluebird.comcast.organozationTest.Organization1Test@76ed1b7c]" name="createOrg" class="com.bluebird.comcast.organozationTest.Organization1Test"/>
      </group> <!-- smokeTest -->
    </groups>
    <test started-at="2022-06-13T17:55:48 IST" name="Test" finished-at="2022-06-13T17:57:10 IST" duration-ms="81904">
      <class name="com.bluebird.comcast.campaignTest.Campaign1Test">
        <test-method is-config="true" signature="beforesuite()[pri:0, instance:com.bluebird.comcast.campaignTest.Campaign1Test@a1cdc6d]" started-at="2022-06-13T17:55:48 IST" name="beforesuite" finished-at="2022-06-13T17:55:48 IST" duration-ms="12" status="PASS">
          <reporter-output>
          </reporter-output>
        </test-method> <!-- beforesuite -->
        <test-method is-config="true" signature="beforetest()[pri:0, instance:com.bluebird.comcast.campaignTest.Campaign1Test@a1cdc6d]" started-at="2022-06-13T17:55:48 IST" name="beforetest" finished-at="2022-06-13T17:55:48 IST" duration-ms="0" status="PASS">
          <reporter-output>
          </reporter-output>
        </test-method> <!-- beforetest -->
        <test-method is-config="true" signature="beforeclass()[pri:0, instance:com.bluebird.comcast.campaignTest.Campaign1Test@a1cdc6d]" started-at="2022-06-13T17:55:48 IST" name="beforeclass" finished-at="2022-06-13T17:55:53 IST" duration-ms="5615" status="PASS">
          <reporter-output>
          </reporter-output>
        </test-method> <!-- beforeclass -->
        <test-method is-config="true" signature="beforemethod()[pri:0, instance:com.bluebird.comcast.campaignTest.Campaign1Test@a1cdc6d]" started-at="2022-06-13T17:55:53 IST" name="beforemethod" finished-at="2022-06-13T17:55:57 IST" duration-ms="3287" status="PASS">
          <reporter-output>
          </reporter-output>
        </test-method> <!-- beforemethod -->
        <test-method signature="createcampaign()[pri:0, instance:com.bluebird.comcast.campaignTest.Campaign1Test@a1cdc6d]" started-at="2022-06-13T17:55:57 IST" name="createcampaign" finished-at="2022-06-13T17:56:05 IST" duration-ms="8780" status="PASS">
          <reporter-output>
          </reporter-output>
        </test-method> <!-- createcampaign -->
        <test-method is-config="true" signature="aftermethod()[pri:0, instance:com.bluebird.comcast.campaignTest.Campaign1Test@a1cdc6d]" started-at="2022-06-13T17:56:05 IST" name="aftermethod" finished-at="2022-06-13T17:56:07 IST" duration-ms="1289" status="PASS">
          <reporter-output>
          </reporter-output>
        </test-method> <!-- aftermethod -->
        <test-method is-config="true" signature="afterclass()[pri:0, instance:com.bluebird.comcast.campaignTest.Campaign1Test@a1cdc6d]" started-at="2022-06-13T17:56:07 IST" name="afterclass" finished-at="2022-06-13T17:56:08 IST" duration-ms="956" status="PASS">
          <reporter-output>
          </reporter-output>
        </test-method> <!-- afterclass -->
        <test-method is-config="true" signature="aftertest()[pri:0, instance:com.bluebird.comcast.campaignTest.Campaign1Test@a1cdc6d]" started-at="2022-06-13T17:57:10 IST" name="aftertest" finished-at="2022-06-13T17:57:10 IST" duration-ms="1" status="PASS">
          <reporter-output>
          </reporter-output>
        </test-method> <!-- aftertest -->
        <test-method is-config="true" signature="aftersuite()[pri:0, instance:com.bluebird.comcast.campaignTest.Campaign1Test@a1cdc6d]" started-at="2022-06-13T17:57:10 IST" name="aftersuite" finished-at="2022-06-13T17:57:10 IST" duration-ms="1" status="PASS">
          <reporter-output>
          </reporter-output>
        </test-method> <!-- aftersuite -->
      </class> <!-- com.bluebird.comcast.campaignTest.Campaign1Test -->
      <class name="com.bluebird.comcast.organozationTest.Organization1Test">
        <test-method is-config="true" signature="beforeclass()[pri:0, instance:com.bluebird.comcast.organozationTest.Organization1Test@76ed1b7c]" started-at="2022-06-13T17:56:48 IST" name="beforeclass" finished-at="2022-06-13T17:56:53 IST" duration-ms="5310" status="PASS">
          <reporter-output>
          </reporter-output>
        </test-method> <!-- beforeclass -->
        <test-method is-config="true" signature="beforemethod()[pri:0, instance:com.bluebird.comcast.organozationTest.Organization1Test@76ed1b7c]" started-at="2022-06-13T17:56:53 IST" name="beforemethod" finished-at="2022-06-13T17:56:56 IST" duration-ms="2938" status="PASS">
          <reporter-output>
          </reporter-output>
        </test-method> <!-- beforemethod -->
        <test-method signature="createOrg()[pri:0, instance:com.bluebird.comcast.organozationTest.Organization1Test@76ed1b7c]" started-at="2022-06-13T17:56:56 IST" name="createOrg" finished-at="2022-06-13T17:57:07 IST" duration-ms="10713" status="PASS">
          <reporter-output>
          </reporter-output>
        </test-method> <!-- createOrg -->
        <test-method is-config="true" signature="aftermethod()[pri:0, instance:com.bluebird.comcast.organozationTest.Organization1Test@76ed1b7c]" started-at="2022-06-13T17:57:07 IST" name="aftermethod" finished-at="2022-06-13T17:57:09 IST" duration-ms="1580" status="PASS">
          <reporter-output>
          </reporter-output>
        </test-method> <!-- aftermethod -->
        <test-method is-config="true" signature="afterclass()[pri:0, instance:com.bluebird.comcast.organozationTest.Organization1Test@76ed1b7c]" started-at="2022-06-13T17:57:09 IST" name="afterclass" finished-at="2022-06-13T17:57:10 IST" duration-ms="994" status="PASS">
          <reporter-output>
          </reporter-output>
        </test-method> <!-- afterclass -->
      </class> <!-- com.bluebird.comcast.organozationTest.Organization1Test -->
      <class name="com.bluebird.comcast.contactTest.Contact1Test">
        <test-method is-config="true" signature="beforeclass()[pri:0, instance:com.bluebird.comcast.contactTest.Contact1Test@68567e20]" started-at="2022-06-13T17:56:29 IST" name="beforeclass" finished-at="2022-06-13T17:56:33 IST" duration-ms="4207" status="PASS">
          <reporter-output>
          </reporter-output>
        </test-method> <!-- beforeclass -->
        <test-method is-config="true" signature="beforemethod()[pri:0, instance:com.bluebird.comcast.contactTest.Contact1Test@68567e20]" started-at="2022-06-13T17:56:33 IST" name="beforemethod" finished-at="2022-06-13T17:56:36 IST" duration-ms="2807" status="PASS">
          <reporter-output>
          </reporter-output>
        </test-method> <!-- beforemethod -->
        <test-method signature="createContact()[pri:0, instance:com.bluebird.comcast.contactTest.Contact1Test@68567e20]" started-at="2022-06-13T17:56:36 IST" name="createContact" finished-at="2022-06-13T17:56:45 IST" duration-ms="9184" status="PASS">
          <reporter-output>
          </reporter-output>
        </test-method> <!-- createContact -->
        <test-method is-config="true" signature="aftermethod()[pri:0, instance:com.bluebird.comcast.contactTest.Contact1Test@68567e20]" started-at="2022-06-13T17:56:45 IST" name="aftermethod" finished-at="2022-06-13T17:56:48 IST" duration-ms="2891" status="FAIL">
          <exception class="org.openqa.selenium.ElementNotInteractableException">
            <message>
              <![CDATA[element not interactable
  (Session info: chrome=102.0.5005.63)
Build info: version: '3.141.59', revision: 'e82be7d358', time: '2018-11-14T08:17:03'
System info: host: 'ADMIN', ip: '192.168.56.1', os.name: 'Windows 8', os.arch: 'amd64', os.version: '6.2', java.version: '16.0.1'
Driver info: org.openqa.selenium.chrome.ChromeDriver
Capabilities {acceptInsecureCerts: false, browserName: chrome, browserVersion: 102.0.5005.63, chrome: {chromedriverVersion: 102.0.5005.61 (0e59bcc00cc4..., userDataDir: C:\Users\Asus\AppData\Local...}, goog:chromeOptions: {debuggerAddress: localhost:50587}, javascriptEnabled: true, networkConnectionEnabled: false, pageLoadStrategy: normal, platform: WINDOWS, platformName: WINDOWS, proxy: Proxy(), setWindowRect: true, strictFileInteractability: false, timeouts: {implicit: 0, pageLoad: 300000, script: 30000}, unhandledPromptBehavior: dismiss and notify, webauthn:extension:credBlob: true, webauthn:extension:largeBlob: true, webauthn:virtualAuthenticators: true}
Session ID: b3cd4abdfe19bb4ada0102ff3098b125]]>
            </message>
            <full-stacktrace>
              <![CDATA[org.openqa.selenium.ElementNotInteractableException: element not interactable
  (Session info: chrome=102.0.5005.63)
Build info: version: '3.141.59', revision: 'e82be7d358', time: '2018-11-14T08:17:03'
System info: host: 'ADMIN', ip: '192.168.56.1', os.name: 'Windows 8', os.arch: 'amd64', os.version: '6.2', java.version: '16.0.1'
Driver info: org.openqa.selenium.chrome.ChromeDriver
Capabilities {acceptInsecureCerts: false, browserName: chrome, browserVersion: 102.0.5005.63, chrome: {chromedriverVersion: 102.0.5005.61 (0e59bcc00cc4..., userDataDir: C:\Users\Asus\AppData\Local...}, goog:chromeOptions: {debuggerAddress: localhost:50587}, javascriptEnabled: true, networkConnectionEnabled: false, pageLoadStrategy: normal, platform: WINDOWS, platformName: WINDOWS, proxy: Proxy(), setWindowRect: true, strictFileInteractability: false, timeouts: {implicit: 0, pageLoad: 300000, script: 30000}, unhandledPromptBehavior: dismiss and notify, webauthn:extension:credBlob: true, webauthn:extension:largeBlob: true, webauthn:virtualAuthenticators: true}
Session ID: b3cd4abdfe19bb4ada0102ff3098b125
at java.base/jdk.internal.reflect.NativeConstructorAccessorImpl.newInstance0(Native Method)
at java.base/jdk.internal.reflect.NativeConstructorAccessorImpl.newInstance(NativeConstructorAccessorImpl.java:78)
at java.base/jdk.internal.reflect.DelegatingConstructorAccessorImpl.newInstance(DelegatingConstructorAccessorImpl.java:45)
at java.base/java.lang.reflect.Constructor.newInstanceWithCaller(Constructor.java:499)
at java.base/java.lang.reflect.Constructor.newInstance(Constructor.java:480)
at org.openqa.selenium.remote.http.W3CHttpResponseCodec.createException(W3CHttpResponseCodec.java:187)
at org.openqa.selenium.remote.http.W3CHttpResponseCodec.decode(W3CHttpResponseCodec.java:122)
at org.openqa.selenium.remote.http.W3CHttpResponseCodec.decode(W3CHttpResponseCodec.java:49)
at org.openqa.selenium.remote.HttpCommandExecutor.execute(HttpCommandExecutor.java:158)
at org.openqa.selenium.remote.service.DriverCommandExecutor.execute(DriverCommandExecutor.java:83)
at org.openqa.selenium.remote.RemoteWebDriver.execute(RemoteWebDriver.java:552)
at org.openqa.selenium.remote.RemoteWebElement.execute(RemoteWebElement.java:285)
at org.openqa.selenium.remote.RemoteWebElement.click(RemoteWebElement.java:84)
at jdk.internal.reflect.GeneratedMethodAccessor1.invoke(Unknown Source)
at java.base/jdk.internal.reflect.DelegatingMethodAccessorImpl.invoke(DelegatingMethodAccessorImpl.java:43)
at java.base/java.lang.reflect.Method.invoke(Method.java:567)
at org.openqa.selenium.support.pagefactory.internal.LocatingElementHandler.invoke(LocatingElementHandler.java:51)
at jdk.proxy2/jdk.proxy2.$Proxy15.click(Unknown Source)
at com.crm.comcsat.POM_Repository.HomePage.navigateToLogout(HomePage.java:106)
at Genric_Utility.BaseClass.aftermethod(BaseClass.java:80)
at java.base/jdk.internal.reflect.NativeMethodAccessorImpl.invoke0(Native Method)
at java.base/jdk.internal.reflect.NativeMethodAccessorImpl.invoke(NativeMethodAccessorImpl.java:78)
at java.base/jdk.internal.reflect.DelegatingMethodAccessorImpl.invoke(DelegatingMethodAccessorImpl.java:43)
at java.base/java.lang.reflect.Method.invoke(Method.java:567)
at org.testng.internal.MethodInvocationHelper.invokeMethod(MethodInvocationHelper.java:133)
at org.testng.internal.MethodInvocationHelper.invokeMethodConsideringTimeout(MethodInvocationHelper.java:62)
at org.testng.internal.ConfigInvoker.invokeConfigurationMethod(ConfigInvoker.java:385)
at org.testng.internal.ConfigInvoker.invokeConfigurations(ConfigInvoker.java:321)
at org.testng.internal.TestInvoker.runConfigMethods(TestInvoker.java:700)
at org.testng.internal.TestInvoker.runAfterGroupsConfigurations(TestInvoker.java:676)
at org.testng.internal.TestInvoker.invokeMethod(TestInvoker.java:660)
at org.testng.internal.TestInvoker.invokeTestMethod(TestInvoker.java:173)
at org.testng.internal.MethodRunner.runInSequence(MethodRunner.java:46)
at org.testng.internal.TestInvoker$MethodInvocationAgent.invoke(TestInvoker.java:824)
at org.testng.internal.TestInvoker.invokeTestMethods(TestInvoker.java:146)
at org.testng.internal.TestMethodWorker.invokeTestMethods(TestMethodWorker.java:146)
at org.testng.internal.TestMethodWorker.run(TestMethodWorker.java:128)
at java.base/java.util.ArrayList.forEach(ArrayList.java:1511)
at org.testng.TestRunner.privateRun(TestRunner.java:794)
at org.testng.TestRunner.run(TestRunner.java:596)
at org.testng.SuiteRunner.runTest(SuiteRunner.java:377)
at org.testng.SuiteRunner.runSequentially(SuiteRunner.java:371)
at org.testng.SuiteRunner.privateRun(SuiteRunner.java:332)
at org.testng.SuiteRunner.run(SuiteRunner.java:276)
at org.testng.SuiteRunnerWorker.runSuite(SuiteRunnerWorker.java:53)
at org.testng.SuiteRunnerWorker.run(SuiteRunnerWorker.java:96)
at org.testng.TestNG.runSuitesSequentially(TestNG.java:1212)
at org.testng.TestNG.runSuitesLocally(TestNG.java:1134)
at org.testng.TestNG.runSuites(TestNG.java:1063)
at org.testng.TestNG.run(TestNG.java:1031)
at org.apache.maven.surefire.testng.TestNGExecutor.run(TestNGExecutor.java:281)
at org.apache.maven.surefire.testng.TestNGXmlTestSuite.execute(TestNGXmlTestSuite.java:75)
at org.apache.maven.surefire.testng.TestNGProvider.invoke(TestNGProvider.java:121)
at org.apache.maven.surefire.booter.ForkedBooter.invokeProviderInSameClassLoader(ForkedBooter.java:290)
at org.apache.maven.surefire.booter.ForkedBooter.runSuitesInProcess(ForkedBooter.java:242)
at org.apache.maven.surefire.booter.ForkedBooter.main(ForkedBooter.java:121)
]]>
            </full-stacktrace>
          </exception> <!-- org.openqa.selenium.ElementNotInteractableException -->
          <reporter-output>
          </reporter-output>
        </test-method> <!-- aftermethod -->
        <test-method is-config="true" signature="afterclass()[pri:0, instance:com.bluebird.comcast.contactTest.Contact1Test@68567e20]" started-at="2022-06-13T17:56:48 IST" name="afterclass" finished-at="1970-01-01T05:30:00 IST" duration-ms="-1655123208532" status="SKIP">
          <reporter-output>
          </reporter-output>
        </test-method> <!-- afterclass -->
      </class> <!-- com.bluebird.comcast.contactTest.Contact1Test -->
      <class name="com.bluebird.comcast.campaignTest.CampaignWithProduct1Test">
        <test-method is-config="true" signature="beforeclass()[pri:0, instance:com.bluebird.comcast.campaignTest.CampaignWithProduct1Test@17a7f733]" started-at="2022-06-13T17:56:08 IST" name="beforeclass" finished-at="2022-06-13T17:56:13 IST" duration-ms="5415" status="PASS">
          <reporter-output>
          </reporter-output>
        </test-method> <!-- beforeclass -->
        <test-method is-config="true" signature="beforemethod()[pri:0, instance:com.bluebird.comcast.campaignTest.CampaignWithProduct1Test@17a7f733]" started-at="2022-06-13T17:56:13 IST" name="beforemethod" finished-at="2022-06-13T17:56:16 IST" duration-ms="3328" status="PASS">
          <reporter-output>
          </reporter-output>
        </test-method> <!-- beforemethod -->
        <test-method signature="campaignWithProduct()[pri:0, instance:com.bluebird.comcast.campaignTest.CampaignWithProduct1Test@17a7f733]" started-at="2022-06-13T17:56:16 IST" name="campaignWithProduct" finished-at="2022-06-13T17:56:26 IST" duration-ms="10016" status="PASS">
          <reporter-output>
          </reporter-output>
        </test-method> <!-- campaignWithProduct -->
        <test-method is-config="true" signature="aftermethod()[pri:0, instance:com.bluebird.comcast.campaignTest.CampaignWithProduct1Test@17a7f733]" started-at="2022-06-13T17:56:26 IST" name="aftermethod" finished-at="2022-06-13T17:56:28 IST" duration-ms="1346" status="PASS">
          <reporter-output>
          </reporter-output>
        </test-method> <!-- aftermethod -->
        <test-method is-config="true" signature="afterclass()[pri:0, instance:com.bluebird.comcast.campaignTest.CampaignWithProduct1Test@17a7f733]" started-at="2022-06-13T17:56:28 IST" name="afterclass" finished-at="2022-06-13T17:56:29 IST" duration-ms="1159" status="PASS">
          <reporter-output>
          </reporter-output>
        </test-method> <!-- afterclass -->
      </class> <!-- com.bluebird.comcast.campaignTest.CampaignWithProduct1Test -->
    </test> <!-- Test -->
  </suite> <!-- Suite -->
</testng-results>
